<log realm="txnmgr-main" at="2019-02-17T03:00:59.715">
  <warn>
    init
    <exception name="No enum constant br.com.gam.simulator.constants.Constants.authorization">
    java.lang.IllegalArgumentException: No enum constant br.com.gam.simulator.constants.Constants.authorization
	at java.lang.Enum.valueOf(Enum.java:238)
	at br.com.gam.simulator.constants.Constants.valueOf(Constants.java:10)
	at java.util.Optional.map(Optional.java:215)
	at br.com.gam.simulator.participant.QueryHost.setConfiguration(QueryHost.java:166)
	at org.jpos.q2.QFactory.setConfiguration(QFactory.java:380)
	at org.jpos.transaction.TransactionManager.createParticipant(TransactionManager.java:796)
	at org.jpos.transaction.TransactionManager.initGroup(TransactionManager.java:783)
	at org.jpos.transaction.TransactionManager.initParticipants(TransactionManager.java:775)
	at org.jpos.transaction.TransactionManager.initService(TransactionManager.java:118)
	at org.jpos.q2.QBeanSupport.init(QBeanSupport.java:119)
	at sun.reflect.NativeMethodAccessorImpl.invoke0(Native Method)
	at sun.reflect.NativeMethodAccessorImpl.invoke(NativeMethodAccessorImpl.java:62)
	at sun.reflect.DelegatingMethodAccessorImpl.invoke(DelegatingMethodAccessorImpl.java:43)
	at java.lang.reflect.Method.invoke(Method.java:498)
	at sun.reflect.misc.Trampoline.invoke(MethodUtil.java:71)
	at sun.reflect.GeneratedMethodAccessor1.invoke(Unknown Source)
	at sun.reflect.DelegatingMethodAccessorImpl.invoke(DelegatingMethodAccessorImpl.java:43)
	at java.lang.reflect.Method.invoke(Method.java:498)
	at sun.reflect.misc.MethodUtil.invoke(MethodUtil.java:275)
	at com.sun.jmx.mbeanserver.StandardMBeanIntrospector.invokeM2(StandardMBeanIntrospector.java:112)
	at com.sun.jmx.mbeanserver.StandardMBeanIntrospector.invokeM2(StandardMBeanIntrospector.java:46)
	at com.sun.jmx.mbeanserver.MBeanIntrospector.invokeM(MBeanIntrospector.java:237)
	at com.sun.jmx.mbeanserver.PerInterface.invoke(PerInterface.java:138)
	at com.sun.jmx.mbeanserver.MBeanSupport.invoke(MBeanSupport.java:252)
	at com.sun.jmx.interceptor.DefaultMBeanServerInterceptor.invoke(DefaultMBeanServerInterceptor.java:819)
	at com.sun.jmx.mbeanserver.JmxMBeanServer.invoke(JmxMBeanServer.java:801)
	at org.jpos.q2.QFactory.createQBean(QFactory.java:121)
	at org.jpos.q2.Q2.deploy(Q2.java:581)
	at org.jpos.q2.Q2.deploy(Q2.java:391)
	at org.jpos.q2.Q2.run(Q2.java:259)
	at java.lang.Thread.run(Thread.java:748)
    </exception>
  </warn>
</log>
<log realm="txnmgr-main" at="2019-02-17T03:03:55.082">
  <warn>
    init
    <exception name="No enum constant br.com.gam.simulator.constants.Constants.authorization">
    java.lang.IllegalArgumentException: No enum constant br.com.gam.simulator.constants.Constants.authorization
	at java.lang.Enum.valueOf(Enum.java:238)
	at br.com.gam.simulator.constants.Constants.valueOf(Constants.java:10)
	at java.util.Optional.map(Optional.java:215)
	at br.com.gam.simulator.participant.QueryHost.setConfiguration(QueryHost.java:166)
	at org.jpos.q2.QFactory.setConfiguration(QFactory.java:380)
	at org.jpos.transaction.TransactionManager.createParticipant(TransactionManager.java:796)
	at org.jpos.transaction.TransactionManager.initGroup(TransactionManager.java:783)
	at org.jpos.transaction.TransactionManager.initParticipants(TransactionManager.java:775)
	at org.jpos.transaction.TransactionManager.initService(TransactionManager.java:118)
	at org.jpos.q2.QBeanSupport.init(QBeanSupport.java:119)
	at sun.reflect.NativeMethodAccessorImpl.invoke0(Native Method)
	at sun.reflect.NativeMethodAccessorImpl.invoke(NativeMethodAccessorImpl.java:62)
	at sun.reflect.DelegatingMethodAccessorImpl.invoke(DelegatingMethodAccessorImpl.java:43)
	at java.lang.reflect.Method.invoke(Method.java:498)
	at sun.reflect.misc.Trampoline.invoke(MethodUtil.java:71)
	at sun.reflect.GeneratedMethodAccessor1.invoke(Unknown Source)
	at sun.reflect.DelegatingMethodAccessorImpl.invoke(DelegatingMethodAccessorImpl.java:43)
	at java.lang.reflect.Method.invoke(Method.java:498)
	at sun.reflect.misc.MethodUtil.invoke(MethodUtil.java:275)
	at com.sun.jmx.mbeanserver.StandardMBeanIntrospector.invokeM2(StandardMBeanIntrospector.java:112)
	at com.sun.jmx.mbeanserver.StandardMBeanIntrospector.invokeM2(StandardMBeanIntrospector.java:46)
	at com.sun.jmx.mbeanserver.MBeanIntrospector.invokeM(MBeanIntrospector.java:237)
	at com.sun.jmx.mbeanserver.PerInterface.invoke(PerInterface.java:138)
	at com.sun.jmx.mbeanserver.MBeanSupport.invoke(MBeanSupport.java:252)
	at com.sun.jmx.interceptor.DefaultMBeanServerInterceptor.invoke(DefaultMBeanServerInterceptor.java:819)
	at com.sun.jmx.mbeanserver.JmxMBeanServer.invoke(JmxMBeanServer.java:801)
	at org.jpos.q2.QFactory.createQBean(QFactory.java:121)
	at org.jpos.q2.Q2.deploy(Q2.java:581)
	at org.jpos.q2.Q2.deploy(Q2.java:391)
	at org.jpos.q2.Q2.run(Q2.java:259)
	at java.lang.Thread.run(Thread.java:748)
    </exception>
  </warn>
</log>
</logger>
<?xml version="1.0" encoding="UTF-8"?>
<logger class="org.jpos.util.DailyLogListener">
<log realm="txnmgr-main" at="2019-02-17T03:07:34.834">
  <info>
    start Thread[Thread-13,5,main]
  </info>
</log>
<log realm="txnmgr-main" at="2019-02-17T03:07:34.834">
  <info>
    start Thread[Thread-10,5,main]
  </info>
</log>
<log realm="txnmgr-main" at="2019-02-17T03:07:34.834">
  <info>
    start Thread[Thread-12,5,main]
  </info>
</log>
<log realm="txnmgr-main" at="2019-02-17T03:07:34.834">
  <info>
    start Thread[Thread-11,5,main]
  </info>
</log>
<log realm="txnmgr-main" at="2019-02-17T03:08:02.978" lifespan="16ms">
  <commit>
    txnmgr-main-1:idle:1
    <context>
      b.c.g.s.c.Constants.SWITCH_CASE: SwitchJsonCase(connection=null, name=null, card=Card(pan=6042202012547896, track1=null, track2=null, password=1234, cvv1=null, cvv2=null, positiveIdentity=null, bin=null, binExtended=null, expirationDate=null, cardHolder=null, serviceCode=601, trailer=null, cardScheme=null, psn=null, aid=null, iad=null, keyPin=null), authorization={0=0200, 2=PAN, 7=UTC_DATE_TIME, 11=NSU, 12=LOCAL_TIME, 13=LOCAL_DATE, 41=TERMINAL}, cancellation={0=0400, 2=PAN, 7=UTC_DATE_TIME, 11=NSU, 12=LOCAL_TIME, 13=LOCAL_DATE, 41=TERMINAL}, undoAuthorization=null, undoCancellation=null, confirmAuthorization={0=0202, 2=PAN, 7=UTC_DATE_TIME, 11=NSU, 12=LOCAL_TIME, 13=LOCAL_DATE, 41=TERMINAL}, confirmCancellation=null, probeResponse=null, networkManagement=null)
      b.c.g.s.c.Constants.CARD_SWITCH_CASE: Card(pan=null, track1=null, track2=null, password=null, cvv1=null, cvv2=null, positiveIdentity=null, bin=null, binExtended=null, expirationDate=null, cardHolder=null, serviceCode=null, trailer=null, cardScheme=null, psn=null, aid=null, iad=null, keyPin=null)
      b.c.g.s.c.Constants.ISO_MESSAGE_CASES: [br.com.gam.simulator.entities.TestJson@61ca6bfa, br.com.gam.simulator.entities.TestJson@599f82aa, br.com.gam.simulator.entities.TestJson@30711168]
    </context>
            prepare: b.c.g.s.p.CreateIsoMessageCase PREPARED NO_JOIN
     in-transit=0, head=2, tail=2, paused=0, outstanding=0, active-sessions=4/40, tps=0, peak=0, avg=0,00, elapsed=7ms
    <profiler>
      prepare: b.c.g.s.p.CreateIsoMessageCase [7.1/7.1]
      end [2.9/10.0]
    </profiler>
  </commit>
</log>
<log realm="txnmgr-main" at="2019-02-17T03:09:08.145">
  <info>
    stop Thread[txnmgr-main-0:idle,5,main], active sessions=3
  </info>
</log>
<log realm="txnmgr-main" at="2019-02-17T03:09:08.145">
  <info>
    stop Thread[txnmgr-main-3:idle,5,main], active sessions=1
  </info>
</log>
<log realm="txnmgr-main" at="2019-02-17T03:09:08.145">
  <info>
    stop Thread[txnmgr-main-2:idle,5,main], active sessions=2
  </info>
</log>
<log realm="txnmgr-main" at="2019-02-17T03:09:08.145">
  <info>
    stop Thread[txnmgr-main-1:idle,5,main], active sessions=0
  </info>
</log>
<log realm="txnmgr-main" at="2019-02-17T03:09:08.160">
  <info>
    start Thread[Thread-20,5,main]
  </info>
</log>
<log realm="txnmgr-main" at="2019-02-17T03:09:08.160">
  <info>
    start Thread[Thread-19,5,main]
  </info>
</log>
<log realm="txnmgr-main" at="2019-02-17T03:09:08.160">
  <info>
    start Thread[Thread-18,5,main]
  </info>
</log>
<log realm="txnmgr-main" at="2019-02-17T03:09:08.160">
  <info>
    start Thread[Thread-17,5,main]
  </info>
</log>
<log realm="txnmgr-main" at="2019-02-17T03:09:34.697">
  <warn>
    loop detected - transaction 1 aborted.
  </warn>
</log>
<log realm="txnmgr-main" at="2019-02-17T03:09:34.697" lifespan="30ms">
  <abort>
    txnmgr-main-3:idle:1
    <context>
      b.c.g.s.c.Constants.SWITCH_CASE: SwitchJsonCase(connection=null, name=null, card=Card(pan=6042202012547896, track1=null, track2=null, password=1234, cvv1=null, cvv2=null, positiveIdentity=null, bin=null, binExtended=null, expirationDate=null, cardHolder=null, serviceCode=601, trailer=null, cardScheme=null, psn=null, aid=null, iad=null, keyPin=null), authorization={0=0200, 2=PAN, 7=UTC_DATE_TIME, 11=NSU, 12=LOCAL_TIME, 13=LOCAL_DATE, 41=TERMINAL}, cancellation={0=0400, 2=PAN, 7=UTC_DATE_TIME, 11=NSU, 12=LOCAL_TIME, 13=LOCAL_DATE, 41=TERMINAL}, undoAuthorization=null, undoCancellation=null, confirmAuthorization={0=0202, 2=PAN, 7=UTC_DATE_TIME, 11=NSU, 12=LOCAL_TIME, 13=LOCAL_DATE, 41=TERMINAL}, confirmCancellation=null, probeResponse=null, networkManagement=null)
      b.c.g.s.c.Constants.CARD_SWITCH_CASE: Card(pan=null, track1=null, track2=null, password=null, cvv1=null, cvv2=null, positiveIdentity=null, bin=null, binExtended=null, expirationDate=null, cardHolder=null, serviceCode=null, trailer=null, cardScheme=null, psn=null, aid=null, iad=null, keyPin=null)
      b.c.g.s.c.Constants.ISO_MESSAGE_CASES: [br.com.gam.simulator.entities.TestJson@34349ae6, br.com.gam.simulator.entities.TestJson@3af36210, br.com.gam.simulator.entities.TestJson@1c316de]
      LOGEVT: 
        <info>
          prepare exception in br.com.gam.simulator.participant.create_iso_message.ParseJsonToIsoMessage
          <exception name="No enum constant br.com.gam.simulator.constants.Constants.authorization">
          java.lang.IllegalArgumentException: No enum constant br.com.gam.simulator.constants.Constants.authorization
	at java.lang.Enum.valueOf(Enum.java:238)
	at br.com.gam.simulator.constants.Constants.valueOf(Constants.java:10)
	at java.util.Optional.map(Optional.java:215)
	at br.com.gam.simulator.participant.create_iso_message.ParseJsonToIsoMessage.getJsonConstants(ParseJsonToIsoMessage.java:40)
	at br.com.gam.simulator.participant.create_iso_message.ParseJsonToIsoMessage.doPrepare(ParseJsonToIsoMessage.java:23)
	at org.jpos.transaction.TxnSupport.prepare(TxnSupport.java:44)
	at org.jpos.transaction.TransactionManager.prepare(TransactionManager.java:575)
	at org.jpos.transaction.TransactionManager.prepare(TransactionManager.java:641)
	at org.jpos.transaction.TransactionManager.run(TransactionManager.java:308)
	at java.lang.Thread.run(Thread.java:748)
          </exception>
        </info>
      
      RC: No enum constant br.com.gam.simulator.constants.Constants.authorization
    </context>
            prepare: b.c.g.s.p.CreateIsoMessageCase PREPARED NO_JOIN
            prepare: b.c.g.s.p.GoToGroups PREPARED READONLY NO_JOIN
           selector: next-execution-case
            prepare: b.c.g.s.p.NextExecutionCase PREPARED READONLY NO_JOIN
           selector: authorization
            prepare: b.c.g.s.p.ParseJsonToIsoMessage ABORTED
           selector: next-execution-case
           selector: authorization
           selector: next-execution-case
           selector: authorization
           selector: next-execution-case
           selector: authorization
           selector: next-execution-case
           selector: authorization
           selector: next-execution-case
           selector: authorization
           selector: next-execution-case
           selector: authorization
           selector: next-execution-case
           selector: authorization
           selector: next-execution-case
           selector: authorization
           selector: next-execution-case
           selector: authorization
           selector: next-execution-case
           selector: authorization
           selector: next-execution-case
           selector: authorization
           selector: next-execution-case
           selector: authorization
           selector: next-execution-case
           selector: authorization
           selector: next-execution-case
           selector: authorization
           selector: next-execution-case
           selector: authorization
           selector: next-execution-case
           selector: authorization
           selector: next-execution-case
           selector: authorization
           selector: next-execution-case
           selector: authorization
           selector: next-execution-case
           selector: authorization
           selector: next-execution-case
           selector: authorization
           selector: next-execution-case
           selector: authorization
           selector: next-execution-case
           selector: authorization
           selector: next-execution-case
           selector: authorization
           selector: next-execution-case
           selector: authorization
           selector: next-execution-case
           selector: authorization
           selector: next-execution-case
           selector: authorization
           selector: next-execution-case
           selector: authorization
           selector: next-execution-case
           selector: authorization
           selector: next-execution-case
           selector: authorization
           selector: next-execution-case
           selector: authorization
           selector: next-execution-case
           selector: authorization
           selector: next-execution-case
           selector: authorization
           selector: next-execution-case
           selector: authorization
           selector: next-execution-case
           selector: authorization
           selector: next-execution-case
           selector: authorization
           selector: next-execution-case
           selector: authorization
           selector: next-execution-case
           selector: authorization
           selector: next-execution-case
           selector: authorization
           selector: next-execution-case
           selector: authorization
           selector: next-execution-case
           selector: authorization
           selector: next-execution-case
           selector: authorization
           selector: next-execution-case
           selector: authorization
           selector: next-execution-case
           selector: authorization
           selector: next-execution-case
           selector: authorization
           selector: next-execution-case
           selector: authorization
           selector: next-execution-case
           selector: authorization
           selector: next-execution-case
           selector: authorization
           selector: next-execution-case
           selector: authorization
           selector: next-execution-case
           selector: authorization
           selector: next-execution-case
           selector: authorization
           selector: next-execution-case
           selector: authorization
           selector: next-execution-case
           selector: authorization
           selector: next-execution-case
           selector: authorization
           selector: next-execution-case
           selector: authorization
           selector: next-execution-case
           selector: authorization
           selector: next-execution-case
           selector: authorization
           selector: next-execution-case
           selector: authorization
           selector: next-execution-case
           selector: authorization
           selector: next-execution-case
           selector: authorization
           selector: next-execution-case
           selector: authorization
           selector: next-execution-case
           selector: authorization
           selector: next-execution-case
           selector: authorization
           selector: next-execution-case
           selector: authorization
           selector: next-execution-case
           selector: authorization
           selector: next-execution-case
           selector: authorization
           selector: next-execution-case
           selector: authorization
           selector: next-execution-case
           selector: authorization
           selector: next-execution-case
           selector: authorization
           selector: next-execution-case
           selector: authorization
           selector: next-execution-case
           selector: authorization
           selector: next-execution-case
           selector: authorization
           selector: next-execution-case
           selector: authorization
           selector: next-execution-case
           selector: authorization
           selector: next-execution-case
           selector: authorization
           selector: next-execution-case
           selector: authorization
           selector: next-execution-case
           selector: authorization
           selector: next-execution-case
           selector: authorization
           selector: next-execution-case
           selector: authorization
           selector: next-execution-case
           selector: authorization
           selector: next-execution-case
           selector: authorization
           selector: next-execution-case
           selector: authorization
           selector: next-execution-case
           selector: authorization
           selector: next-execution-case
           selector: authorization
           selector: next-execution-case
           selector: authorization
           selector: next-execution-case
           selector: authorization
           selector: next-execution-case
           selector: authorization
           selector: next-execution-case
           selector: authorization
           selector: next-execution-case
           selector: authorization
           selector: next-execution-case
           selector: authorization
           selector: next-execution-case
           selector: authorization
           selector: next-execution-case
           selector: authorization
           selector: next-execution-case
           selector: authorization
           selector: next-execution-case
           selector: authorization
           selector: next-execution-case
           selector: authorization
           selector: next-execution-case
           selector: authorization
           selector: next-execution-case
           selector: authorization
           selector: next-execution-case
           selector: authorization
           selector: next-execution-case
           selector: authorization
           selector: next-execution-case
           selector: authorization
           selector: next-execution-case
           selector: authorization
           selector: next-execution-case
           selector: authorization
           selector: next-execution-case
           selector: authorization
           selector: next-execution-case
           selector: authorization
           selector: next-execution-case
           selector: authorization
           selector: next-execution-case
           selector: authorization
           selector: next-execution-case
           selector: authorization
           selector: next-execution-case
           selector: authorization
           selector: next-execution-case
           selector: authorization
           selector: next-execution-case
           selector: authorization
           selector: next-execution-case
           selector: authorization
           selector: next-execution-case
           selector: authorization
           selector: next-execution-case
           selector: authorization
           selector: next-execution-case
           selector: authorization
           selector: next-execution-case
           selector: authorization
           selector: next-execution-case
           selector: authorization
           selector: next-execution-case
           selector: authorization
           selector: next-execution-case
           selector: authorization
           selector: next-execution-case
           selector: authorization
           selector: next-execution-case
           selector: authorization
           selector: next-execution-case
           selector: authorization
           selector: next-execution-case
           selector: authorization
           selector: next-execution-case
           selector: authorization
           selector: next-execution-case
           selector: authorization
           selector: next-execution-case
           selector: authorization
           selector: next-execution-case
           selector: authorization
           selector: next-execution-case
           selector: authorization
           selector: next-execution-case
           selector: authorization
           selector: next-execution-case
           selector: authorization
           selector: next-execution-case
           selector: authorization
           selector: next-execution-case
           selector: authorization
           selector: next-execution-case
           selector: authorization
           selector: next-execution-case
           selector: authorization
           selector: next-execution-case
           selector: authorization
           selector: next-execution-case
           selector: authorization
           selector: next-execution-case
           selector: authorization
           selector: next-execution-case
           selector: authorization
           selector: next-execution-case
           selector: authorization
           selector: next-execution-case
           selector: authorization
           selector: next-execution-case
           selector: authorization
           selector: next-execution-case
           selector: authorization
           selector: next-execution-case
           selector: authorization
           selector: next-execution-case
           selector: authorization
           selector: next-execution-case
           selector: authorization
           selector: next-execution-case
           selector: authorization
           selector: next-execution-case
           selector: authorization
           selector: next-execution-case
           selector: authorization
           selector: next-execution-case
           selector: authorization
           selector: next-execution-case
           selector: authorization
           selector: next-execution-case
           selector: authorization
           selector: next-execution-case
           selector: authorization
           selector: next-execution-case
           selector: authorization
           selector: next-execution-case
           selector: authorization
           selector: next-execution-case
           selector: authorization
           selector: next-execution-case
           selector: authorization
           selector: next-execution-case
           selector: authorization
           selector: next-execution-case
           selector: authorization
           selector: next-execution-case
           selector: authorization
           selector: next-execution-case
           selector: authorization
           selector: next-execution-case
           selector: authorization
           selector: next-execution-case
           selector: authorization
           selector: next-execution-case
           selector: authorization
           selector: next-execution-case
           selector: authorization
           selector: next-execution-case
           selector: authorization
           selector: next-execution-case
           selector: authorization
           selector: next-execution-case
           selector: authorization
           selector: next-execution-case
           selector: authorization
           selector: next-execution-case
           selector: authorization
           selector: next-execution-case
           selector: authorization
           selector: next-execution-case
           selector: authorization
           selector: next-execution-case
           selector: authorization
           selector: next-execution-case
           selector: authorization
           selector: next-execution-case
           selector: authorization
           selector: next-execution-case
           selector: authorization
           selector: next-execution-case
           selector: authorization
           selector: next-execution-case
           selector: authorization
           selector: next-execution-case
           selector: authorization
           selector: next-execution-case
           selector: authorization
           selector: next-execution-case
           selector: authorization
           selector: next-execution-case
           selector: authorization
           selector: next-execution-case
           selector: authorization
           selector: next-execution-case
           selector: authorization
           selector: next-execution-case
           selector: authorization
           selector: next-execution-case
           selector: authorization
           selector: next-execution-case
           selector: authorization
           selector: next-execution-case
           selector: authorization
           selector: next-execution-case
           selector: authorization
           selector: next-execution-case
           selector: authorization
           selector: next-execution-case
           selector: authorization
           selector: next-execution-case
           selector: authorization
           selector: next-execution-case
           selector: authorization
           selector: next-execution-case
           selector: authorization
           selector: next-execution-case
           selector: authorization
           selector: next-execution-case
           selector: authorization
           selector: next-execution-case
           selector: authorization
           selector: next-execution-case
           selector: authorization
           selector: next-execution-case
           selector: authorization
           selector: next-execution-case
           selector: authorization
           selector: next-execution-case
           selector: authorization
           selector: next-execution-case
           selector: authorization
           selector: next-execution-case
           selector: authorization
           selector: next-execution-case
           selector: authorization
           selector: next-execution-case
           selector: authorization
           selector: next-execution-case
           selector: authorization
           selector: next-execution-case
           selector: authorization
           selector: next-execution-case
           selector: authorization
           selector: next-execution-case
           selector: authorization
           selector: next-execution-case
           selector: authorization
           selector: next-execution-case
           selector: authorization
           selector: next-execution-case
           selector: authorization
           selector: next-execution-case
           selector: authorization
           selector: next-execution-case
           selector: authorization
           selector: next-execution-case
           selector: authorization
           selector: next-execution-case
           selector: authorization
           selector: next-execution-case
           selector: authorization
           selector: next-execution-case
           selector: authorization
           selector: next-execution-case
           selector: authorization
           selector: next-execution-case
           selector: authorization
           selector: next-execution-case
           selector: authorization
           selector: next-execution-case
           selector: authorization
           selector: next-execution-case
           selector: authorization
           selector: next-execution-case
           selector: authorization
           selector: next-execution-case
           selector: authorization
           selector: next-execution-case
           selector: authorization
           selector: next-execution-case
           selector: authorization
           selector: next-execution-case
           selector: authorization
           selector: next-execution-case
           selector: authorization
           selector: next-execution-case
           selector: authorization
           selector: next-execution-case
           selector: authorization
           selector: next-execution-case
           selector: authorization
           selector: next-execution-case
           selector: authorization
           selector: next-execution-case
           selector: authorization
           selector: next-execution-case
           selector: authorization
           selector: next-execution-case
           selector: authorization
           selector: next-execution-case
           selector: authorization
           selector: next-execution-case
           selector: authorization
           selector: next-execution-case
           selector: authorization
           selector: next-execution-case
           selector: authorization
           selector: next-execution-case
           selector: authorization
           selector: next-execution-case
           selector: authorization
           selector: next-execution-case
           selector: authorization
           selector: next-execution-case
           selector: authorization
           selector: next-execution-case
           selector: authorization
           selector: next-execution-case
           selector: authorization
           selector: next-execution-case
           selector: authorization
           selector: next-execution-case
           selector: authorization
           selector: next-execution-case
           selector: authorization
           selector: next-execution-case
           selector: authorization
           selector: next-execution-case
           selector: authorization
           selector: next-execution-case
           selector: authorization
              abort: b.c.g.s.p.ParseJsonToIsoMessage
     in-transit=0, head=2, tail=2, paused=0, outstanding=0, active-sessions=4/40, tps=0, peak=0, avg=0,00, elapsed=23ms
    <profiler>
      prepare: b.c.g.s.p.CreateIsoMessageCase [0.4/0.4]
      prepare: b.c.g.s.p.GoToGroups [0.1/0.6]
      prepare: b.c.g.s.p.NextExecutionCase [0.7/1.4]
      prepare: b.c.g.s.p.ParseJsonToIsoMessage [5.7/7.1]
        abort: b.c.g.s.p.ParseJsonToIsoMessage [15.8/23.0]
      end [1.7/24.7]
    </profiler>
  </abort>
</log>
<log realm="txnmgr-main" at="2019-02-17T03:13:34.269">
  <info>
    stop Thread[txnmgr-main-0:idle,5,main], active sessions=3
  </info>
</log>
<log realm="txnmgr-main" at="2019-02-17T03:13:34.269">
  <info>
    stop Thread[txnmgr-main-1:idle,5,main], active sessions=0
  </info>
</log>
<log realm="txnmgr-main" at="2019-02-17T03:13:34.269">
  <info>
    stop Thread[txnmgr-main-2:idle,5,main], active sessions=1
  </info>
</log>
<log realm="txnmgr-main" at="2019-02-17T03:13:34.269">
  <info>
    stop Thread[txnmgr-main-3:idle,5,main], active sessions=2
  </info>
</log>
</logger>
<?xml version="1.0" encoding="UTF-8"?>
<logger class="org.jpos.util.DailyLogListener">
<log realm="txnmgr-main" at="2019-02-17T03:13:41.181">
  <info>
    start Thread[Thread-13,5,main]
  </info>
</log>
<log realm="txnmgr-main" at="2019-02-17T03:13:41.181">
  <info>
    start Thread[Thread-11,5,main]
  </info>
</log>
<log realm="txnmgr-main" at="2019-02-17T03:13:41.181">
  <info>
    start Thread[Thread-10,5,main]
  </info>
</log>
<log realm="txnmgr-main" at="2019-02-17T03:13:41.181">
  <info>
    start Thread[Thread-12,5,main]
  </info>
</log>
<log realm="txnmgr-main" at="2019-02-17T03:13:56.680" lifespan="201ms">
  <commit>
    txnmgr-main-0:idle:1
    <context>
      b.c.g.s.c.Constants.SWITCH_CASE: SwitchJsonCase(connection=null, name=null, card=Card(pan=6042202012547896, track1=null, track2=null, password=1234, cvv1=null, cvv2=null, positiveIdentity=null, bin=null, binExtended=null, expirationDate=null, cardHolder=null, serviceCode=601, trailer=null, cardScheme=null, psn=null, aid=null, iad=null, keyPin=null), authorization={0=0200, 2=PAN, 7=UTC_DATE_TIME, 11=NSU, 12=LOCAL_TIME, 13=LOCAL_DATE, 41=TERMINAL}, cancellation={0=0400, 2=PAN, 7=UTC_DATE_TIME, 11=NSU, 12=LOCAL_TIME, 13=LOCAL_DATE, 41=TERMINAL}, undoAuthorization=null, undoCancellation=null, confirmAuthorization={0=0202, 2=PAN, 7=UTC_DATE_TIME, 11=NSU, 12=LOCAL_TIME, 13=LOCAL_DATE, 41=TERMINAL}, confirmCancellation=null, probeResponse=null, networkManagement=null)
      b.c.g.s.c.Constants.CARD_SWITCH_CASE: Card(pan=null, track1=null, track2=null, password=null, cvv1=null, cvv2=null, positiveIdentity=null, bin=null, binExtended=null, expirationDate=null, cardHolder=null, serviceCode=null, trailer=null, cardScheme=null, psn=null, aid=null, iad=null, keyPin=null)
      b.c.g.s.c.Constants.ISO_MESSAGE_CASES: [br.com.gam.simulator.entities.TestJson@2f1cebbe, br.com.gam.simulator.entities.TestJson@25605cb8, br.com.gam.simulator.entities.TestJson@1c044eee]
      b.c.g.s.c.Constants.authorization: br.com.gam.simulator.entities.TestJson@25605cb8
      :paused_transaction: 
       id: 1
      
      b.c.g.s.c.Constants.HOST_DURATION: 16
      b.c.g.s.c.Constants.confirm-authorization: br.com.gam.simulator.entities.TestJson@1c044eee
      b.c.g.s.c.Constants.cancellation: br.com.gam.simulator.entities.TestJson@2f1cebbe
    </context>
            prepare: b.c.g.s.p.CreateIsoMessageCase PREPARED NO_JOIN
            prepare: b.c.g.s.p.GoToGroups PREPARED READONLY NO_JOIN
           selector: next-execution-case
            prepare: b.c.g.s.p.NextExecutionCase PREPARED READONLY NO_JOIN
           selector: authorization
            prepare: b.c.g.s.p.ParseJsonToIsoMessage PREPARED NO_JOIN
            prepare: b.c.g.s.p.QueryHost PREPARED PAUSE READONLY NO_JOIN
            prepare: b.c.g.s.p.GoToGroups PREPARED READONLY NO_JOIN
           selector: next-execution-case
            prepare: b.c.g.s.p.NextExecutionCase PREPARED READONLY NO_JOIN
           selector: confirm-authorization
            prepare: b.c.g.s.p.ParseJsonToIsoMessage PREPARED NO_JOIN
            prepare: b.c.g.s.p.QueryHost PREPARED PAUSE READONLY NO_JOIN
            prepare: b.c.g.s.p.GoToGroups PREPARED READONLY NO_JOIN
           selector: next-execution-case
            prepare: b.c.g.s.p.NextExecutionCase PREPARED READONLY NO_JOIN
           selector: cancellation
            prepare: b.c.g.s.p.ParseJsonToIsoMessage PREPARED NO_JOIN
            prepare: b.c.g.s.p.QueryHost PREPARED PAUSE READONLY NO_JOIN
            prepare: b.c.g.s.p.GoToGroups PREPARED READONLY NO_JOIN
           selector: next-execution-case
            prepare: b.c.g.s.p.NextExecutionCase PREPARED READONLY NO_JOIN
           selector: END
     in-transit=0, head=2, tail=2, paused=0, outstanding=0, active-sessions=4/40, tps=0, peak=0, avg=0,00, elapsed=193ms
    <profiler>
      prepare: b.c.g.s.p.CreateIsoMessageCase [6.6/6.6]
      prepare: b.c.g.s.p.GoToGroups [0.5/7.2]
      prepare: b.c.g.s.p.NextExecutionCase [0.1/7.3]
      prepare: b.c.g.s.p.ParseJsonToIsoMessage [81.6/88.9]
      prepare: b.c.g.s.p.QueryHost [2.9/91.9]
      resume [74.8/166.8]
      prepare: b.c.g.s.p.GoToGroups-1 [0.2/167.0]
      prepare: b.c.g.s.p.NextExecutionCase-1 [0.1/167.2]
      prepare: b.c.g.s.p.ParseJsonToIsoMessage-1 [0.9/168.1]
      prepare: b.c.g.s.p.QueryHost-1 [0.1/168.3]
      resume-1 [11.8/180.2]
      prepare: b.c.g.s.p.GoToGroups-2 [0.1/180.3]
      prepare: b.c.g.s.p.NextExecutionCase-2 [0.0/180.4]
      prepare: b.c.g.s.p.ParseJsonToIsoMessage-2 [1.1/181.6]
      prepare: b.c.g.s.p.QueryHost-2 [0.2/181.8]
      resume-2 [10.8/192.6]
      prepare: b.c.g.s.p.GoToGroups-3 [0.1/192.8]
      prepare: b.c.g.s.p.NextExecutionCase-3 [0.1/192.9]
      end [2.2/195.1]
    </profiler>
  </commit>
</log>
<log realm="txnmgr-main" at="2019-02-17T03:16:11.466" lifespan="31ms">
  <commit>
    txnmgr-main-1:idle:2
    <context>
      b.c.g.s.c.Constants.SWITCH_CASE: SwitchJsonCase(connection=null, name=null, card=Card(pan=6042202012547896, track1=null, track2=null, password=1234, cvv1=null, cvv2=null, positiveIdentity=null, bin=null, binExtended=null, expirationDate=null, cardHolder=null, serviceCode=601, trailer=null, cardScheme=null, psn=null, aid=null, iad=null, keyPin=null), authorization={0=0200, 2=PAN, 7=UTC_DATE_TIME, 11=NSU, 12=LOCAL_TIME, 13=LOCAL_DATE, 41=TERMINAL}, cancellation={0=0400, 2=PAN, 7=UTC_DATE_TIME, 11=NSU, 12=LOCAL_TIME, 13=LOCAL_DATE, 41=TERMINAL}, undoAuthorization=null, undoCancellation=null, confirmAuthorization={0=0202, 2=PAN, 7=UTC_DATE_TIME, 11=NSU, 12=LOCAL_TIME, 13=LOCAL_DATE, 41=TERMINAL}, confirmCancellation=null, probeResponse=null, networkManagement=null)
      b.c.g.s.c.Constants.CARD_SWITCH_CASE: Card(pan=null, track1=null, track2=null, password=null, cvv1=null, cvv2=null, positiveIdentity=null, bin=null, binExtended=null, expirationDate=null, cardHolder=null, serviceCode=null, trailer=null, cardScheme=null, psn=null, aid=null, iad=null, keyPin=null)
      b.c.g.s.c.Constants.ISO_MESSAGE_CASES: [br.com.gam.simulator.entities.TestJson@23417520, br.com.gam.simulator.entities.TestJson@29b91e50, br.com.gam.simulator.entities.TestJson@277ef517]
      b.c.g.s.c.Constants.authorization: br.com.gam.simulator.entities.TestJson@277ef517
      :paused_transaction: 
       id: 2
      
      b.c.g.s.c.Constants.HOST_DURATION: 16
      b.c.g.s.c.Constants.confirm-authorization: br.com.gam.simulator.entities.TestJson@23417520
      b.c.g.s.c.Constants.cancellation: br.com.gam.simulator.entities.TestJson@29b91e50
    </context>
            prepare: b.c.g.s.p.CreateIsoMessageCase PREPARED NO_JOIN
            prepare: b.c.g.s.p.GoToGroups PREPARED READONLY NO_JOIN
           selector: next-execution-case
            prepare: b.c.g.s.p.NextExecutionCase PREPARED READONLY NO_JOIN
           selector: authorization
            prepare: b.c.g.s.p.ParseJsonToIsoMessage PREPARED NO_JOIN
            prepare: b.c.g.s.p.QueryHost PREPARED PAUSE READONLY NO_JOIN
            prepare: b.c.g.s.p.GoToGroups PREPARED READONLY NO_JOIN
           selector: next-execution-case
            prepare: b.c.g.s.p.NextExecutionCase PREPARED READONLY NO_JOIN
           selector: confirm-authorization
            prepare: b.c.g.s.p.ParseJsonToIsoMessage PREPARED NO_JOIN
            prepare: b.c.g.s.p.QueryHost PREPARED PAUSE READONLY NO_JOIN
            prepare: b.c.g.s.p.GoToGroups PREPARED READONLY NO_JOIN
           selector: next-execution-case
            prepare: b.c.g.s.p.NextExecutionCase PREPARED READONLY NO_JOIN
           selector: cancellation
            prepare: b.c.g.s.p.ParseJsonToIsoMessage PREPARED NO_JOIN
            prepare: b.c.g.s.p.QueryHost PREPARED PAUSE READONLY NO_JOIN
            prepare: b.c.g.s.p.GoToGroups PREPARED READONLY NO_JOIN
           selector: next-execution-case
            prepare: b.c.g.s.p.NextExecutionCase PREPARED READONLY NO_JOIN
           selector: END
     in-transit=0, head=3, tail=3, paused=0, outstanding=0, active-sessions=4/40, tps=0, peak=1, avg=0,01, elapsed=35ms
    <profiler>
      prepare: b.c.g.s.p.CreateIsoMessageCase [0.7/0.7]
      prepare: b.c.g.s.p.GoToGroups [0.1/0.8]
      prepare: b.c.g.s.p.NextExecutionCase [0.0/0.9]
      prepare: b.c.g.s.p.ParseJsonToIsoMessage [1.0/1.9]
      prepare: b.c.g.s.p.QueryHost [0.1/2.1]
      resume [9.8/12.0]
      prepare: b.c.g.s.p.GoToGroups-1 [0.2/12.2]
      prepare: b.c.g.s.p.NextExecutionCase-1 [0.0/12.3]
      prepare: b.c.g.s.p.ParseJsonToIsoMessage-1 [0.8/13.1]
      prepare: b.c.g.s.p.QueryHost-1 [0.1/13.3]
      resume-1 [9.6/22.9]
      prepare: b.c.g.s.p.GoToGroups-2 [0.1/23.0]
      prepare: b.c.g.s.p.NextExecutionCase-2 [0.0/23.1]
      prepare: b.c.g.s.p.ParseJsonToIsoMessage-2 [0.9/24.0]
      prepare: b.c.g.s.p.QueryHost-2 [0.1/24.1]
      resume-2 [10.8/35.0]
      prepare: b.c.g.s.p.GoToGroups-3 [0.1/35.1]
      prepare: b.c.g.s.p.NextExecutionCase-3 [0.0/35.2]
      end [1.0/36.2]
    </profiler>
  </commit>
</log>
<log realm="txnmgr-main" at="2019-02-17T03:16:21.084" lifespan="31ms">
  <commit>
    txnmgr-main-0:idle:3
    <context>
      b.c.g.s.c.Constants.SWITCH_CASE: SwitchJsonCase(connection=null, name=null, card=Card(pan=6042202012547896, track1=null, track2=null, password=1234, cvv1=null, cvv2=null, positiveIdentity=null, bin=null, binExtended=null, expirationDate=null, cardHolder=null, serviceCode=601, trailer=null, cardScheme=null, psn=null, aid=null, iad=null, keyPin=null), authorization={0=0200, 2=PAN, 7=UTC_DATE_TIME, 11=NSU, 12=LOCAL_TIME, 13=LOCAL_DATE, 41=TERMINAL}, cancellation={0=0400, 2=PAN, 7=UTC_DATE_TIME, 11=NSU, 12=LOCAL_TIME, 13=LOCAL_DATE, 41=TERMINAL}, undoAuthorization=null, undoCancellation=null, confirmAuthorization={0=0202, 2=PAN, 7=UTC_DATE_TIME, 11=NSU, 12=LOCAL_TIME, 13=LOCAL_DATE, 41=TERMINAL}, confirmCancellation=null, probeResponse=null, networkManagement=null)
      b.c.g.s.c.Constants.CARD_SWITCH_CASE: Card(pan=null, track1=null, track2=null, password=null, cvv1=null, cvv2=null, positiveIdentity=null, bin=null, binExtended=null, expirationDate=null, cardHolder=null, serviceCode=null, trailer=null, cardScheme=null, psn=null, aid=null, iad=null, keyPin=null)
      b.c.g.s.c.Constants.ISO_MESSAGE_CASES: [br.com.gam.simulator.entities.TestJson@62228153, br.com.gam.simulator.entities.TestJson@661d19cf, br.com.gam.simulator.entities.TestJson@6ce572bf]
      b.c.g.s.c.Constants.authorization: br.com.gam.simulator.entities.TestJson@62228153
      :paused_transaction: 
       id: 3
      
      b.c.g.s.c.Constants.HOST_DURATION: 16
      b.c.g.s.c.Constants.confirm-authorization: br.com.gam.simulator.entities.TestJson@661d19cf
      b.c.g.s.c.Constants.cancellation: br.com.gam.simulator.entities.TestJson@6ce572bf
    </context>
            prepare: b.c.g.s.p.CreateIsoMessageCase PREPARED NO_JOIN
            prepare: b.c.g.s.p.GoToGroups PREPARED READONLY NO_JOIN
           selector: next-execution-case
            prepare: b.c.g.s.p.NextExecutionCase PREPARED READONLY NO_JOIN
           selector: authorization
            prepare: b.c.g.s.p.ParseJsonToIsoMessage PREPARED NO_JOIN
            prepare: b.c.g.s.p.QueryHost PREPARED PAUSE READONLY NO_JOIN
            prepare: b.c.g.s.p.GoToGroups PREPARED READONLY NO_JOIN
           selector: next-execution-case
            prepare: b.c.g.s.p.NextExecutionCase PREPARED READONLY NO_JOIN
           selector: confirm-authorization
            prepare: b.c.g.s.p.ParseJsonToIsoMessage PREPARED NO_JOIN
            prepare: b.c.g.s.p.QueryHost PREPARED PAUSE READONLY NO_JOIN
            prepare: b.c.g.s.p.GoToGroups PREPARED READONLY NO_JOIN
           selector: next-execution-case
            prepare: b.c.g.s.p.NextExecutionCase PREPARED READONLY NO_JOIN
           selector: cancellation
            prepare: b.c.g.s.p.ParseJsonToIsoMessage PREPARED NO_JOIN
            prepare: b.c.g.s.p.QueryHost PREPARED PAUSE READONLY NO_JOIN
            prepare: b.c.g.s.p.GoToGroups PREPARED READONLY NO_JOIN
           selector: next-execution-case
            prepare: b.c.g.s.p.NextExecutionCase PREPARED READONLY NO_JOIN
           selector: END
     in-transit=0, head=4, tail=4, paused=0, outstanding=0, active-sessions=4/40, tps=0, peak=1, avg=0,01, elapsed=34ms
    <profiler>
      prepare: b.c.g.s.p.CreateIsoMessageCase [0.3/0.3]
      prepare: b.c.g.s.p.GoToGroups [0.0/0.3]
      prepare: b.c.g.s.p.NextExecutionCase [0.0/0.4]
      prepare: b.c.g.s.p.ParseJsonToIsoMessage [0.9/1.4]
      prepare: b.c.g.s.p.QueryHost [0.1/1.5]
      resume [9.7/11.2]
      prepare: b.c.g.s.p.GoToGroups-1 [0.1/11.4]
      prepare: b.c.g.s.p.NextExecutionCase-1 [0.0/11.5]
      prepare: b.c.g.s.p.ParseJsonToIsoMessage-1 [0.8/12.4]
      prepare: b.c.g.s.p.QueryHost-1 [0.1/12.5]
      resume-1 [10.0/22.6]
      prepare: b.c.g.s.p.GoToGroups-2 [0.1/22.7]
      prepare: b.c.g.s.p.NextExecutionCase-2 [0.0/22.8]
      prepare: b.c.g.s.p.ParseJsonToIsoMessage-2 [1.0/23.8]
      prepare: b.c.g.s.p.QueryHost-2 [0.1/24.0]
      resume-2 [9.8/33.8]
      prepare: b.c.g.s.p.GoToGroups-3 [0.1/33.9]
      prepare: b.c.g.s.p.NextExecutionCase-3 [0.0/34.0]
      end [0.7/34.8]
    </profiler>
  </commit>
</log>
